{"D:\\git_projects\\dimusic\\microservices\\services\\BasketService\\app\\common\\security\\identity.js":{"path":"D:\\git_projects\\dimusic\\microservices\\services\\BasketService\\app\\common\\security\\identity.js","s":{"1":1,"2":1,"3":1,"4":1,"5":1,"6":2,"7":1,"8":3,"9":3,"10":1,"11":2,"12":1,"13":1,"14":1,"15":1},"b":{"1":[0,2],"2":[2,2],"3":[1,2],"4":[1,1]},"f":{"1":2,"2":3},"fnMap":{"1":{"name":"_interopRequireDefault","line":11,"loc":{"start":{"line":11,"column":0},"end":{"line":11,"column":37}}},"2":{"name":"validateIdentity","line":14,"loc":{"start":{"line":14,"column":19},"end":{"line":14,"column":60}}}},"statementMap":{"1":{"start":{"line":3,"column":0},"end":{"line":3,"column":45}},"2":{"start":{"line":5,"column":0},"end":{"line":5,"column":47}},"3":{"start":{"line":7,"column":0},"end":{"line":7,"column":43}},"4":{"start":{"line":9,"column":0},"end":{"line":9,"column":47}},"5":{"start":{"line":11,"column":0},"end":{"line":11,"column":95}},"6":{"start":{"line":11,"column":39},"end":{"line":11,"column":93}},"7":{"start":{"line":13,"column":0},"end":{"line":26,"column":2}},"8":{"start":{"line":15,"column":2},"end":{"line":15,"column":52}},"9":{"start":{"line":16,"column":2},"end":{"line":24,"column":3}},"10":{"start":{"line":17,"column":3},"end":{"line":17,"column":18}},"11":{"start":{"line":18,"column":9},"end":{"line":24,"column":3}},"12":{"start":{"line":19,"column":3},"end":{"line":19,"column":59}},"13":{"start":{"line":20,"column":3},"end":{"line":20,"column":18}},"14":{"start":{"line":22,"column":3},"end":{"line":22,"column":65}},"15":{"start":{"line":23,"column":3},"end":{"line":23,"column":19}}},"branchMap":{"1":{"line":11,"type":"cond-expr","locations":[{"start":{"line":11,"column":70},"end":{"line":11,"column":73}},{"start":{"line":11,"column":76},"end":{"line":11,"column":92}}]},"2":{"line":11,"type":"binary-expr","locations":[{"start":{"line":11,"column":46},"end":{"line":11,"column":49}},{"start":{"line":11,"column":53},"end":{"line":11,"column":67}}]},"3":{"line":16,"type":"if","locations":[{"start":{"line":16,"column":2},"end":{"line":16,"column":2}},{"start":{"line":16,"column":2},"end":{"line":16,"column":2}}]},"4":{"line":18,"type":"if","locations":[{"start":{"line":18,"column":9},"end":{"line":18,"column":9}},{"start":{"line":18,"column":9},"end":{"line":18,"column":9}}]}}},"D:\\git_projects\\dimusic\\microservices\\services\\BasketService\\app\\config\\config.js":{"path":"D:\\git_projects\\dimusic\\microservices\\services\\BasketService\\app\\config\\config.js","s":{"1":1,"2":1,"3":1,"4":1,"5":1,"6":1,"7":1,"8":1,"9":1,"10":1,"11":1,"12":1,"13":1,"14":1,"15":1,"16":1,"17":1,"18":1,"19":1,"20":5,"21":5,"22":5,"23":1,"24":1,"25":1,"26":1,"27":1,"28":1,"29":1,"30":0,"31":0,"32":0,"33":0,"34":1,"35":1,"36":0,"37":1,"38":0,"39":1,"40":1,"41":1},"b":{"1":[1,0],"2":[1,0],"3":[0,1],"4":[0,1],"5":[0,1],"6":[5,0],"7":[5,5],"8":[0,0],"9":[0,1]},"f":{"1":1,"2":1,"3":1,"4":1,"5":1,"6":1},"fnMap":{"1":{"name":"SettingsConfig","line":6,"loc":{"start":{"line":6,"column":0},"end":{"line":6,"column":26}}},"2":{"name":"initializeSettings","line":12,"loc":{"start":{"line":12,"column":0},"end":{"line":12,"column":38}}},"3":{"name":"createArgumentSettings","line":18,"loc":{"start":{"line":18,"column":0},"end":{"line":18,"column":42}}},"4":{"name":"loadConfigSettings","line":26,"loc":{"start":{"line":26,"column":0},"end":{"line":26,"column":38}}},"5":{"name":"loadServerSettings","line":40,"loc":{"start":{"line":40,"column":0},"end":{"line":40,"column":38}}},"6":{"name":"loadEnvironmentConfigFile","line":45,"loc":{"start":{"line":45,"column":0},"end":{"line":45,"column":45}}}},"statementMap":{"1":{"start":{"line":3,"column":0},"end":{"line":3,"column":23}},"2":{"start":{"line":4,"column":0},"end":{"line":4,"column":35}},"3":{"start":{"line":6,"column":0},"end":{"line":10,"column":1}},"4":{"start":{"line":7,"column":4},"end":{"line":7,"column":23}},"5":{"start":{"line":9,"column":4},"end":{"line":9,"column":38}},"6":{"start":{"line":12,"column":0},"end":{"line":16,"column":1}},"7":{"start":{"line":13,"column":4},"end":{"line":13,"column":37}},"8":{"start":{"line":14,"column":4},"end":{"line":14,"column":33}},"9":{"start":{"line":15,"column":4},"end":{"line":15,"column":33}},"10":{"start":{"line":18,"column":0},"end":{"line":24,"column":1}},"11":{"start":{"line":19,"column":4},"end":{"line":19,"column":89}},"12":{"start":{"line":20,"column":4},"end":{"line":20,"column":84}},"13":{"start":{"line":21,"column":4},"end":{"line":21,"column":78}},"14":{"start":{"line":22,"column":4},"end":{"line":22,"column":83}},"15":{"start":{"line":23,"column":4},"end":{"line":23,"column":81}},"16":{"start":{"line":26,"column":0},"end":{"line":38,"column":1}},"17":{"start":{"line":27,"column":4},"end":{"line":27,"column":53}},"18":{"start":{"line":29,"column":4},"end":{"line":29,"column":48}},"19":{"start":{"line":31,"column":4},"end":{"line":37,"column":5}},"20":{"start":{"line":32,"column":8},"end":{"line":32,"column":47}},"21":{"start":{"line":34,"column":8},"end":{"line":36,"column":9}},"22":{"start":{"line":35,"column":12},"end":{"line":35,"column":63}},"23":{"start":{"line":40,"column":0},"end":{"line":43,"column":1}},"24":{"start":{"line":41,"column":4},"end":{"line":41,"column":54}},"25":{"start":{"line":42,"column":4},"end":{"line":42,"column":44}},"26":{"start":{"line":45,"column":0},"end":{"line":70,"column":1}},"27":{"start":{"line":46,"column":4},"end":{"line":46,"column":15}},"28":{"start":{"line":48,"column":4},"end":{"line":48,"column":45}},"29":{"start":{"line":50,"column":4},"end":{"line":57,"column":5}},"30":{"start":{"line":52,"column":12},"end":{"line":52,"column":50}},"31":{"start":{"line":53,"column":12},"end":{"line":53,"column":18}},"32":{"start":{"line":55,"column":12},"end":{"line":55,"column":50}},"33":{"start":{"line":56,"column":12},"end":{"line":56,"column":18}},"34":{"start":{"line":59,"column":4},"end":{"line":63,"column":5}},"35":{"start":{"line":60,"column":8},"end":{"line":60,"column":41}},"36":{"start":{"line":62,"column":8},"end":{"line":62,"column":83}},"37":{"start":{"line":65,"column":4},"end":{"line":67,"column":5}},"38":{"start":{"line":66,"column":8},"end":{"line":66,"column":69}},"39":{"start":{"line":69,"column":4},"end":{"line":69,"column":18}},"40":{"start":{"line":72,"column":0},"end":{"line":72,"column":42}},"41":{"start":{"line":74,"column":0},"end":{"line":74,"column":32}}},"branchMap":{"1":{"line":19,"type":"cond-expr","locations":[{"start":{"line":19,"column":48},"end":{"line":19,"column":80}},{"start":{"line":19,"column":83},"end":{"line":19,"column":88}}]},"2":{"line":20,"type":"cond-expr","locations":[{"start":{"line":20,"column":51},"end":{"line":20,"column":79}},{"start":{"line":20,"column":82},"end":{"line":20,"column":83}}]},"3":{"line":21,"type":"cond-expr","locations":[{"start":{"line":21,"column":45},"end":{"line":21,"column":63}},{"start":{"line":21,"column":66},"end":{"line":21,"column":77}}]},"4":{"line":22,"type":"cond-expr","locations":[{"start":{"line":22,"column":47},"end":{"line":22,"column":75}},{"start":{"line":22,"column":78},"end":{"line":22,"column":82}}]},"5":{"line":23,"type":"cond-expr","locations":[{"start":{"line":23,"column":47},"end":{"line":23,"column":75}},{"start":{"line":23,"column":78},"end":{"line":23,"column":80}}]},"6":{"line":34,"type":"if","locations":[{"start":{"line":34,"column":8},"end":{"line":34,"column":8}},{"start":{"line":34,"column":8},"end":{"line":34,"column":8}}]},"7":{"line":34,"type":"binary-expr","locations":[{"start":{"line":34,"column":12},"end":{"line":34,"column":30}},{"start":{"line":34,"column":34},"end":{"line":34,"column":53}}]},"8":{"line":50,"type":"switch","locations":[{"start":{"line":51,"column":8},"end":{"line":53,"column":18}},{"start":{"line":54,"column":8},"end":{"line":56,"column":18}}]},"9":{"line":65,"type":"if","locations":[{"start":{"line":65,"column":4},"end":{"line":65,"column":4}},{"start":{"line":65,"column":4},"end":{"line":65,"column":4}}]}}},"D:\\git_projects\\dimusic\\microservices\\services\\BasketService\\app\\common\\logging\\logger.js":{"path":"D:\\git_projects\\dimusic\\microservices\\services\\BasketService\\app\\common\\logging\\logger.js","s":{"1":1,"2":1,"3":1,"4":1,"5":1,"6":2,"7":1,"8":1,"9":1},"b":{"1":[0,2],"2":[2,2]},"f":{"1":2},"fnMap":{"1":{"name":"_interopRequireDefault","line":11,"loc":{"start":{"line":11,"column":0},"end":{"line":11,"column":37}}}},"statementMap":{"1":{"start":{"line":3,"column":0},"end":{"line":3,"column":32}},"2":{"start":{"line":5,"column":0},"end":{"line":5,"column":47}},"3":{"start":{"line":7,"column":0},"end":{"line":7,"column":45}},"4":{"start":{"line":9,"column":0},"end":{"line":9,"column":59}},"5":{"start":{"line":11,"column":0},"end":{"line":11,"column":95}},"6":{"start":{"line":11,"column":39},"end":{"line":11,"column":93}},"7":{"start":{"line":13,"column":0},"end":{"line":15,"column":3}},"8":{"start":{"line":17,"column":0},"end":{"line":39,"column":3}},"9":{"start":{"line":41,"column":0},"end":{"line":41,"column":24}}},"branchMap":{"1":{"line":11,"type":"cond-expr","locations":[{"start":{"line":11,"column":70},"end":{"line":11,"column":73}},{"start":{"line":11,"column":76},"end":{"line":11,"column":92}}]},"2":{"line":11,"type":"binary-expr","locations":[{"start":{"line":11,"column":46},"end":{"line":11,"column":49}},{"start":{"line":11,"column":53},"end":{"line":11,"column":67}}]}}},"D:\\git_projects\\dimusic\\microservices\\services\\BasketService\\app\\common\\errors\\error.js":{"path":"D:\\git_projects\\dimusic\\microservices\\services\\BasketService\\app\\common\\errors\\error.js","s":{"1":1,"2":4,"3":0,"4":1,"5":4,"6":0,"7":4,"8":1,"9":2,"10":0,"11":2,"12":2,"13":2,"14":1,"15":1,"16":1,"17":2,"18":2,"19":2,"20":2,"21":2,"22":1,"23":1,"24":2,"25":1,"26":1,"27":2,"28":1,"29":1,"30":1,"31":1,"32":2,"33":2,"34":1},"b":{"1":[0,4],"2":[0,4],"3":[4,0],"4":[4,4,0],"5":[0,2],"6":[2,0],"7":[2,2],"8":[2,0],"9":[2,0],"10":[2,0],"11":[1,1],"12":[2,1],"13":[1,1],"14":[2,1],"15":[2,0]},"f":{"1":4,"2":4,"3":2,"4":1,"5":2,"6":1,"7":2},"fnMap":{"1":{"name":"_classCallCheck","line":3,"loc":{"start":{"line":3,"column":0},"end":{"line":3,"column":48}}},"2":{"name":"_possibleConstructorReturn","line":5,"loc":{"start":{"line":5,"column":0},"end":{"line":5,"column":48}}},"3":{"name":"_inherits","line":7,"loc":{"start":{"line":7,"column":0},"end":{"line":7,"column":41}}},"4":{"name":"(anonymous_4)","line":9,"loc":{"start":{"line":9,"column":16},"end":{"line":9,"column":34}}},"5":{"name":"ErrorBase","line":12,"loc":{"start":{"line":12,"column":2},"end":{"line":12,"column":48}}},"6":{"name":"(anonymous_6)","line":37,"loc":{"start":{"line":37,"column":17},"end":{"line":37,"column":39}}},"7":{"name":"ErrorMessage","line":40,"loc":{"start":{"line":40,"column":2},"end":{"line":40,"column":33}}}},"statementMap":{"1":{"start":{"line":3,"column":0},"end":{"line":3,"column":153}},"2":{"start":{"line":3,"column":50},"end":{"line":3,"column":151}},"3":{"start":{"line":3,"column":92},"end":{"line":3,"column":149}},"4":{"start":{"line":5,"column":0},"end":{"line":5,"column":240}},"5":{"start":{"line":5,"column":50},"end":{"line":5,"column":151}},"6":{"start":{"line":5,"column":63},"end":{"line":5,"column":149}},"7":{"start":{"line":5,"column":152},"end":{"line":5,"column":238}},"8":{"start":{"line":7,"column":0},"end":{"line":7,"column":494}},"9":{"start":{"line":7,"column":43},"end":{"line":7,"column":208}},"10":{"start":{"line":7,"column":106},"end":{"line":7,"column":206}},"11":{"start":{"line":7,"column":209},"end":{"line":7,"column":373}},"12":{"start":{"line":7,"column":374},"end":{"line":7,"column":492}},"13":{"start":{"line":7,"column":390},"end":{"line":7,"column":492}},"14":{"start":{"line":9,"column":0},"end":{"line":35,"column":9}},"15":{"start":{"line":10,"column":2},"end":{"line":10,"column":31}},"16":{"start":{"line":12,"column":2},"end":{"line":32,"column":3}},"17":{"start":{"line":13,"column":4},"end":{"line":13,"column":37}},"18":{"start":{"line":15,"column":4},"end":{"line":15,"column":119}},"19":{"start":{"line":17,"column":4},"end":{"line":17,"column":22}},"20":{"start":{"line":18,"column":4},"end":{"line":18,"column":36}},"21":{"start":{"line":19,"column":4},"end":{"line":23,"column":5}},"22":{"start":{"line":20,"column":6},"end":{"line":20,"column":29}},"23":{"start":{"line":22,"column":6},"end":{"line":22,"column":36}},"24":{"start":{"line":25,"column":4},"end":{"line":29,"column":5}},"25":{"start":{"line":26,"column":6},"end":{"line":26,"column":25}},"26":{"start":{"line":28,"column":6},"end":{"line":28,"column":37}},"27":{"start":{"line":31,"column":4},"end":{"line":31,"column":17}},"28":{"start":{"line":34,"column":2},"end":{"line":34,"column":19}},"29":{"start":{"line":37,"column":0},"end":{"line":47,"column":13}},"30":{"start":{"line":38,"column":2},"end":{"line":38,"column":38}},"31":{"start":{"line":40,"column":2},"end":{"line":44,"column":3}},"32":{"start":{"line":41,"column":4},"end":{"line":41,"column":40}},"33":{"start":{"line":43,"column":4},"end":{"line":43,"column":129}},"34":{"start":{"line":46,"column":2},"end":{"line":46,"column":22}}},"branchMap":{"1":{"line":3,"type":"if","locations":[{"start":{"line":3,"column":50},"end":{"line":3,"column":50}},{"start":{"line":3,"column":50},"end":{"line":3,"column":50}}]},"2":{"line":5,"type":"if","locations":[{"start":{"line":5,"column":50},"end":{"line":5,"column":50}},{"start":{"line":5,"column":50},"end":{"line":5,"column":50}}]},"3":{"line":5,"type":"cond-expr","locations":[{"start":{"line":5,"column":226},"end":{"line":5,"column":230}},{"start":{"line":5,"column":233},"end":{"line":5,"column":237}}]},"4":{"line":5,"type":"binary-expr","locations":[{"start":{"line":5,"column":159},"end":{"line":5,"column":163}},{"start":{"line":5,"column":168},"end":{"line":5,"column":192}},{"start":{"line":5,"column":196},"end":{"line":5,"column":222}}]},"5":{"line":7,"type":"if","locations":[{"start":{"line":7,"column":43},"end":{"line":7,"column":43}},{"start":{"line":7,"column":43},"end":{"line":7,"column":43}}]},"6":{"line":7,"type":"binary-expr","locations":[{"start":{"line":7,"column":47},"end":{"line":7,"column":79}},{"start":{"line":7,"column":83},"end":{"line":7,"column":102}}]},"7":{"line":7,"type":"binary-expr","locations":[{"start":{"line":7,"column":244},"end":{"line":7,"column":254}},{"start":{"line":7,"column":258},"end":{"line":7,"column":278}}]},"8":{"line":7,"type":"if","locations":[{"start":{"line":7,"column":374},"end":{"line":7,"column":374}},{"start":{"line":7,"column":374},"end":{"line":7,"column":374}}]},"9":{"line":7,"type":"cond-expr","locations":[{"start":{"line":7,"column":414},"end":{"line":7,"column":457}},{"start":{"line":7,"column":460},"end":{"line":7,"column":491}}]},"10":{"line":15,"type":"binary-expr","locations":[{"start":{"line":15,"column":50},"end":{"line":15,"column":69}},{"start":{"line":15,"column":73},"end":{"line":15,"column":105}}]},"11":{"line":19,"type":"if","locations":[{"start":{"line":19,"column":4},"end":{"line":19,"column":4}},{"start":{"line":19,"column":4},"end":{"line":19,"column":4}}]},"12":{"line":19,"type":"binary-expr","locations":[{"start":{"line":19,"column":8},"end":{"line":19,"column":31}},{"start":{"line":19,"column":35},"end":{"line":19,"column":39}}]},"13":{"line":25,"type":"if","locations":[{"start":{"line":25,"column":4},"end":{"line":25,"column":4}},{"start":{"line":25,"column":4},"end":{"line":25,"column":4}}]},"14":{"line":25,"type":"binary-expr","locations":[{"start":{"line":25,"column":8},"end":{"line":25,"column":28}},{"start":{"line":25,"column":32},"end":{"line":25,"column":36}}]},"15":{"line":43,"type":"binary-expr","locations":[{"start":{"line":43,"column":45},"end":{"line":43,"column":67}},{"start":{"line":43,"column":71},"end":{"line":43,"column":106}}]}}}}