TN:
SF:D:\git_projects\dimusic\microservices\services\BasketService\app\common\security\identity.js
FN:11,_interopRequireDefault
FN:14,validateIdentity
FNF:2
FNH:2
FNDA:2,_interopRequireDefault
FNDA:3,validateIdentity
DA:3,1
DA:5,1
DA:7,1
DA:9,1
DA:11,2
DA:13,1
DA:15,3
DA:16,3
DA:17,1
DA:18,2
DA:19,1
DA:20,1
DA:22,1
DA:23,1
LF:14
LH:14
BRDA:11,1,0,0
BRDA:11,1,1,2
BRDA:11,2,0,2
BRDA:11,2,1,2
BRDA:16,3,0,1
BRDA:16,3,1,2
BRDA:18,4,0,1
BRDA:18,4,1,1
BRF:8
BRH:7
end_of_record
TN:
SF:D:\git_projects\dimusic\microservices\services\BasketService\app\config\config.js
FN:6,SettingsConfig
FN:12,initializeSettings
FN:18,createArgumentSettings
FN:26,loadConfigSettings
FN:40,loadServerSettings
FN:45,loadEnvironmentConfigFile
FNF:6
FNH:6
FNDA:1,SettingsConfig
FNDA:1,initializeSettings
FNDA:1,createArgumentSettings
FNDA:1,loadConfigSettings
FNDA:1,loadServerSettings
FNDA:1,loadEnvironmentConfigFile
DA:3,1
DA:4,1
DA:6,1
DA:7,1
DA:9,1
DA:12,1
DA:13,1
DA:14,1
DA:15,1
DA:18,1
DA:19,1
DA:20,1
DA:21,1
DA:22,1
DA:23,1
DA:26,1
DA:27,1
DA:29,1
DA:31,1
DA:32,5
DA:34,5
DA:35,5
DA:40,1
DA:41,1
DA:42,1
DA:45,1
DA:46,1
DA:48,1
DA:50,1
DA:52,0
DA:53,0
DA:55,0
DA:56,0
DA:59,1
DA:60,1
DA:62,0
DA:65,1
DA:66,0
DA:69,1
DA:72,1
DA:74,1
LF:41
LH:35
BRDA:19,1,0,1
BRDA:19,1,1,0
BRDA:20,2,0,1
BRDA:20,2,1,0
BRDA:21,3,0,0
BRDA:21,3,1,1
BRDA:22,4,0,0
BRDA:22,4,1,1
BRDA:23,5,0,0
BRDA:23,5,1,1
BRDA:34,6,0,5
BRDA:34,6,1,0
BRDA:34,7,0,5
BRDA:34,7,1,5
BRDA:50,8,0,0
BRDA:50,8,1,0
BRDA:65,9,0,0
BRDA:65,9,1,1
BRF:18
BRH:9
end_of_record
TN:
SF:D:\git_projects\dimusic\microservices\services\BasketService\app\common\logging\logger.js
FN:11,_interopRequireDefault
FNF:1
FNH:1
FNDA:2,_interopRequireDefault
DA:3,1
DA:5,1
DA:7,1
DA:9,1
DA:11,2
DA:13,1
DA:17,1
DA:41,1
LF:8
LH:8
BRDA:11,1,0,0
BRDA:11,1,1,2
BRDA:11,2,0,2
BRDA:11,2,1,2
BRF:4
BRH:3
end_of_record
TN:
SF:D:\git_projects\dimusic\microservices\services\BasketService\app\common\errors\error.js
FN:3,_classCallCheck
FN:5,_possibleConstructorReturn
FN:7,_inherits
FN:9,(anonymous_4)
FN:12,ErrorBase
FN:37,(anonymous_6)
FN:40,ErrorMessage
FNF:7
FNH:7
FNDA:4,_classCallCheck
FNDA:4,_possibleConstructorReturn
FNDA:2,_inherits
FNDA:1,(anonymous_4)
FNDA:2,ErrorBase
FNDA:1,(anonymous_6)
FNDA:2,ErrorMessage
DA:3,4
DA:5,4
DA:7,2
DA:9,1
DA:10,1
DA:12,1
DA:13,2
DA:15,2
DA:17,2
DA:18,2
DA:19,2
DA:20,1
DA:22,1
DA:25,2
DA:26,1
DA:28,1
DA:31,2
DA:34,1
DA:37,1
DA:38,1
DA:40,1
DA:41,2
DA:43,2
DA:46,1
LF:24
LH:24
BRDA:3,1,0,0
BRDA:3,1,1,4
BRDA:5,2,0,0
BRDA:5,2,1,4
BRDA:5,3,0,4
BRDA:5,3,1,0
BRDA:5,4,0,4
BRDA:5,4,1,4
BRDA:5,4,2,0
BRDA:7,5,0,0
BRDA:7,5,1,2
BRDA:7,6,0,2
BRDA:7,6,1,0
BRDA:7,7,0,2
BRDA:7,7,1,2
BRDA:7,8,0,2
BRDA:7,8,1,0
BRDA:7,9,0,2
BRDA:7,9,1,0
BRDA:15,10,0,2
BRDA:15,10,1,0
BRDA:19,11,0,1
BRDA:19,11,1,1
BRDA:19,12,0,2
BRDA:19,12,1,1
BRDA:25,13,0,1
BRDA:25,13,1,1
BRDA:25,14,0,2
BRDA:25,14,1,1
BRDA:43,15,0,2
BRDA:43,15,1,0
BRF:31
BRH:21
end_of_record
